Arguments: 
  C:\Program Files\nodejs\node.exe C:\Users\Marco\AppData\Roaming\npm\node_modules\yarn\bin\yarn.js add @babel/plugin-transforme-async-to-generator -D

PATH: 
  C:\Users\Marco\AppData\Roaming\npm;C:\Program Files\nodejs\;C:\WINDOWS\system32;C:\WINDOWS;C:\WINDOWS\System32\Wbem;C:\WINDOWS\System32\WindowsPowerShell\v1.0\;C:\WINDOWS\System32\OpenSSH\;C:\Program Files\NVIDIA Corporation\NVIDIA NvDLISR;C:\Program Files\nodejs\;C:\Program Files (x86)\NVIDIA Corporation\PhysX\Common;C:\Program Files\Git\cmd;C:\Users\Marco\AppData\Local\Microsoft\WindowsApps;C:\Users\Marco\AppData\Local\Programs\Microsoft VS Code\bin;C:\Users\Marco\AppData\Roaming\npm;C:\Users\Marco\AppData\Local\GitHubDesktop\bin

Yarn version: 
  1.22.4

Node version: 
  12.18.2

Platform: 
  win32 x64

Trace: 
  Error: https://registry.yarnpkg.com/@babel%2fplugin-transforme-async-to-generator: Not found
      at Request.params.callback [as _callback] (C:\Users\Marco\AppData\Roaming\npm\node_modules\yarn\lib\cli.js:66987:18)
      at Request.self.callback (C:\Users\Marco\AppData\Roaming\npm\node_modules\yarn\lib\cli.js:140748:22)
      at Request.emit (events.js:315:20)
      at Request.<anonymous> (C:\Users\Marco\AppData\Roaming\npm\node_modules\yarn\lib\cli.js:141720:10)
      at Request.emit (events.js:315:20)
      at IncomingMessage.<anonymous> (C:\Users\Marco\AppData\Roaming\npm\node_modules\yarn\lib\cli.js:141642:12)
      at Object.onceWrapper (events.js:421:28)
      at IncomingMessage.emit (events.js:327:22)
      at endReadableNT (_stream_readable.js:1221:12)
      at processTicksAndRejections (internal/process/task_queues.js:84:21)

npm manifest: 
  {
    "name": "curso-es6",
    "version": "1.0.0",
    "main": "index.js",
    "license": "MIT",
    "devDependencies": {
      "@babel/cli": "^7.10.5",
      "@babel/core": "^7.10.5",
      "@babel/plugin-proposal-object-rest-spread": "^7.10.4",
      "@babel/polyfill": "^7.10.4",
      "@babel/preset-env": "^7.10.4",
      "babel-loader": "^8.0.0-beta.0",
      "webpack": "^4.44.0",
      "webpack-cli": "^3.3.12"
    },
    "scripts": {
      "dev": "webpack-dev-server --mode=development",
      "build": "webpack --mode=production"
    },
    "dependencies": {
      "@babel/plugin-transform-async-to-generator": "^7.10.4",
      "webpack-dev-server": "^3.11.0"
    }
  }

yarn manifest: 
  No manifest

Lockfile: 
  No lockfile
